<?xml version="1.0" encoding="UTF-8"?>
<!-- Generated by org.testng.reporters.JUnitXMLReporter -->
<testsuite ignored="0" hostname="DESKTOP-MA8SSCS" failures="0" tests="6" name="Command line test" time="69.351" errors="0" timestamp="29 Sep 2021 07:01:41 GMT">
  <testcase classname="TestSuite.Tests" name="basic" time="12.439"/>
  <testcase classname="TestSuite.Tests" name="testing" time="23.071"/>
  <testcase classname="TestSuite.Tests" name="testing1" time="9.049"/>
  <testcase classname="TestSuite.Tests" name="testingCars" time="6.972"/>
  <testcase classname="TestSuite.Tests" name="testingLogin" time="14.634"/>
  <testcase classname="TestSuite.Tests" name="lastStep" time="3.148"/>
</testsuite> <!-- Command line test -->
