<?xml version="1.0" encoding="UTF-8"?>
<!-- Generated by org.testng.reporters.JUnitXMLReporter -->
<testsuite ignored="0" hostname="DESKTOP-MA8SSCS" failures="0" tests="6" name="Command line test" time="66.422" errors="0" timestamp="29 Sep 2021 07:26:43 GMT">
  <testcase classname="TestSuite.Tests" name="basic" time="10.369"/>
  <testcase classname="TestSuite.Tests" name="testing" time="26.1"/>
  <testcase classname="TestSuite.Tests" name="testing1" time="12.311"/>
  <testcase classname="TestSuite.Tests" name="testingCars" time="3.776"/>
  <testcase classname="TestSuite.Tests" name="testingLogin" time="12.054"/>
  <testcase classname="TestSuite.Tests" name="lastStep" time="1.781"/>
</testsuite> <!-- Command line test -->
