<?xml version="1.0" encoding="UTF-8" ?>
<testsuite tests="6" failures="0" name="TestSuite" time="69.316" errors="0" skipped="0">
  <properties>
[...]
</properties>
  <testcase classname="TestSuite.Tests" name="basic" time="12.443"/>
  <testcase classname="TestSuite.Tests" name="testing" time="23.068"/>
  <testcase classname="TestSuite.Tests" name="testing1" time="9.05"/>
  <testcase classname="TestSuite.Tests" name="testingCars" time="6.972"/>
  <testcase classname="TestSuite.Tests" name="testingLogin" time="14.634"/>
  <testcase classname="TestSuite.Tests" name="lastStep" time="3.149"/>
</testsuite>