<?xml version="1.0" encoding="UTF-8"?>
<!-- Generated by org.testng.reporters.JUnitXMLReporter -->
<testsuite ignored="0" hostname="DESKTOP-MA8SSCS" failures="0" tests="6" name="FunctionalTesting" time="41.786" errors="0" timestamp="2021-09-29T09:45:32 IST">
  <testcase classname="TestSuite.Tests" name="basic" time="4.936"/>
  <testcase classname="TestSuite.Tests" name="testing" time="4.616"/>
  <testcase classname="TestSuite.Tests" name="testing1" time="10.474"/>
  <testcase classname="TestSuite.Tests" name="testingCars" time="6.148"/>
  <testcase classname="TestSuite.Tests" name="testingLogin" time="13.652"/>
  <testcase classname="TestSuite.Tests" name="lastStep" time="1.895"/>
</testsuite> <!-- FunctionalTesting -->
