<?xml version="1.0" encoding="UTF-8"?>
<!-- Generated by org.testng.reporters.JUnitXMLReporter -->
<testsuite hostname="PRINCE007" ignored="0" name="FunctionalTesting" tests="3" failures="0" timestamp="2021-08-13T19:39:11 IST" time="31.413" errors="0">
  <testcase name="testing" time="14.203" classname="TestSuite.BikesTest"/>
  <testcase name="testingCars" time="5.568" classname="TestSuite.UsedCarsTest"/>
  <testcase name="testingLogin" time="11.62" classname="TestSuite.LoginTest"/>
</testsuite> <!-- FunctionalTesting -->
