<?xml version="1.0" encoding="UTF-8"?>
<!-- Generated by org.testng.reporters.JUnitReportReporter -->
<testsuite hostname="DESKTOP-MA8SSCS" failures="0" tests="6" name="TestSuite.Tests" time="41.721" errors="0" timestamp="2021-09-29T09:45:33 IST" skipped="0">
  <testcase classname="TestSuite.Tests" name="basic" time="4.936"/>
  <system-out/>
  <testcase classname="TestSuite.Tests" name="testing" time="4.616"/>
  <system-out/>
  <testcase classname="TestSuite.Tests" name="testing1" time="10.474"/>
  <system-out/>
  <testcase classname="TestSuite.Tests" name="testingCars" time="6.148"/>
  <system-out/>
  <testcase classname="TestSuite.Tests" name="testingLogin" time="13.652"/>
  <system-out/>
  <testcase classname="TestSuite.Tests" name="lastStep" time="1.895"/>
  <system-out/>
</testsuite> <!-- TestSuite.Tests -->
