<?xml version="1.0" encoding="UTF-8"?>
<!-- Generated by org.testng.reporters.JUnitReportReporter -->
<testsuite hostname="LAPTOP-M8J8VQVT" failures="0" tests="1" name="Base.Base" time="4.819" errors="1" timestamp="2021-09-26T13:19:58 IST" skipped="0">
  <testcase classname="Base.Base" name="driverSetup" time="4.819">
    <error message="session not created: This version of ChromeDriver only supports Chrome version 91
Current browser version is 94.0.4606.61 with binary path C:\Program Files (x86)\Google\Chrome\Application\chrome.exe
Build info: version: &#039;3.141.59&#039;, revision: &#039;e82be7d358&#039;, time: &#039;2018-11-14T08:17:03&#039;
System info: host: &#039;LAPTOP-M8J8VQVT&#039;, ip: &#039;192.168.43.99&#039;, os.name: &#039;Windows 10&#039;, os.arch: &#039;amd64&#039;, os.version: &#039;10.0&#039;, java.version: &#039;15.0.2&#039;
Driver info: driver.version: ChromeDriver
remote stacktrace: Backtrace:
	Ordinal0 [0x00B73733+2504499]
	Ordinal0 [0x00B0C401+2081793]
	Ordinal0 [0x00A12628+1058344]
	Ordinal0 [0x00A3071A+1181466]
	Ordinal0 [0x00A2C58C+1164684]
	Ordinal0 [0x00A29DC3+1154499]
	Ordinal0 [0x00A59B82+1350530]
	Ordinal0 [0x00A597DA+1349594]
	Ordinal0 [0x00A55D4B+1334603]
	Ordinal0 [0x00A322B4+1188532]
	Ordinal0 [0x00A33149+1192265]
	GetHandleVerifier [0x00CEFB8C+1512252]
	GetHandleVerifier [0x00D9B0DF+2214031]
	GetHandleVerifier [0x00BF4BC3+484211]
	GetHandleVerifier [0x00BF3E69+480793]
	Ordinal0 [0x00B1218D+2105741]
	Ordinal0 [0x00B166E8+2123496]
	Ordinal0 [0x00B16827+2123815]
	Ordinal0 [0x00B1FB73+2161523]
	BaseThreadInitThunk [0x752AFA29+25]
	RtlGetAppContainerNamedObjectPath [0x77227A9E+286]
	RtlGetAppContainerNamedObjectPath [0x77227A6E+238]
" type="org.openqa.selenium.SessionNotCreatedException">
      <![CDATA[org.openqa.selenium.SessionNotCreatedException: session not created: This version of ChromeDriver only supports Chrome version 91
Current browser version is 94.0.4606.61 with binary path C:\Program Files (x86)\Google\Chrome\Application\chrome.exe
Build info: version: '3.141.59', revision: 'e82be7d358', time: '2018-11-14T08:17:03'
System info: host: 'LAPTOP-M8J8VQVT', ip: '192.168.43.99', os.name: 'Windows 10', os.arch: 'amd64', os.version: '10.0', java.version: '15.0.2'
Driver info: driver.version: ChromeDriver
remote stacktrace: Backtrace:
Ordinal0 [0x00B73733+2504499]
Ordinal0 [0x00B0C401+2081793]
Ordinal0 [0x00A12628+1058344]
Ordinal0 [0x00A3071A+1181466]
Ordinal0 [0x00A2C58C+1164684]
Ordinal0 [0x00A29DC3+1154499]
Ordinal0 [0x00A59B82+1350530]
Ordinal0 [0x00A597DA+1349594]
Ordinal0 [0x00A55D4B+1334603]
Ordinal0 [0x00A322B4+1188532]
Ordinal0 [0x00A33149+1192265]
GetHandleVerifier [0x00CEFB8C+1512252]
GetHandleVerifier [0x00D9B0DF+2214031]
GetHandleVerifier [0x00BF4BC3+484211]
GetHandleVerifier [0x00BF3E69+480793]
Ordinal0 [0x00B1218D+2105741]
Ordinal0 [0x00B166E8+2123496]
Ordinal0 [0x00B16827+2123815]
Ordinal0 [0x00B1FB73+2161523]
BaseThreadInitThunk [0x752AFA29+25]
RtlGetAppContainerNamedObjectPath [0x77227A9E+286]
RtlGetAppContainerNamedObjectPath [0x77227A6E+238]

at java.base/jdk.internal.reflect.NativeConstructorAccessorImpl.newInstance0(Native Method)
at java.base/jdk.internal.reflect.NativeConstructorAccessorImpl.newInstance(NativeConstructorAccessorImpl.java:64)
at java.base/jdk.internal.reflect.DelegatingConstructorAccessorImpl.newInstance(DelegatingConstructorAccessorImpl.java:45)
at java.base/java.lang.reflect.Constructor.newInstanceWithCaller(Constructor.java:500)
at java.base/java.lang.reflect.Constructor.newInstance(Constructor.java:481)
at org.openqa.selenium.remote.W3CHandshakeResponse.lambda$errorHandler$0(W3CHandshakeResponse.java:62)
at org.openqa.selenium.remote.HandshakeResponse.lambda$getResponseFunction$0(HandshakeResponse.java:30)
at org.openqa.selenium.remote.ProtocolHandshake.lambda$createSession$0(ProtocolHandshake.java:126)
at java.base/java.util.stream.ReferencePipeline$3$1.accept(ReferencePipeline.java:195)
at java.base/java.util.Spliterators$ArraySpliterator.tryAdvance(Spliterators.java:958)
at java.base/java.util.stream.ReferencePipeline.forEachWithCancel(ReferencePipeline.java:127)
at java.base/java.util.stream.AbstractPipeline.copyIntoWithCancel(AbstractPipeline.java:502)
at java.base/java.util.stream.AbstractPipeline.copyInto(AbstractPipeline.java:488)
at java.base/java.util.stream.AbstractPipeline.wrapAndCopyInto(AbstractPipeline.java:474)
at java.base/java.util.stream.FindOps$FindOp.evaluateSequential(FindOps.java:150)
at java.base/java.util.stream.AbstractPipeline.evaluate(AbstractPipeline.java:234)
at java.base/java.util.stream.ReferencePipeline.findFirst(ReferencePipeline.java:543)
at org.openqa.selenium.remote.ProtocolHandshake.createSession(ProtocolHandshake.java:128)
at org.openqa.selenium.remote.ProtocolHandshake.createSession(ProtocolHandshake.java:74)
at org.openqa.selenium.remote.HttpCommandExecutor.execute(HttpCommandExecutor.java:136)
at org.openqa.selenium.remote.service.DriverCommandExecutor.execute(DriverCommandExecutor.java:83)
at org.openqa.selenium.remote.RemoteWebDriver.execute(RemoteWebDriver.java:552)
at org.openqa.selenium.remote.RemoteWebDriver.startSession(RemoteWebDriver.java:213)
at org.openqa.selenium.remote.RemoteWebDriver.<init>(RemoteWebDriver.java:131)
at org.openqa.selenium.chrome.ChromeDriver.<init>(ChromeDriver.java:181)
at org.openqa.selenium.chrome.ChromeDriver.<init>(ChromeDriver.java:168)
at org.openqa.selenium.chrome.ChromeDriver.<init>(ChromeDriver.java:123)
at Base.Base.driverSetup(Base.java:42)
at java.base/jdk.internal.reflect.NativeMethodAccessorImpl.invoke0(Native Method)
at java.base/jdk.internal.reflect.NativeMethodAccessorImpl.invoke(NativeMethodAccessorImpl.java:64)
at java.base/jdk.internal.reflect.DelegatingMethodAccessorImpl.invoke(DelegatingMethodAccessorImpl.java:43)
at java.base/java.lang.reflect.Method.invoke(Method.java:564)
at org.testng.internal.MethodInvocationHelper.invokeMethod(MethodInvocationHelper.java:133)
at org.testng.internal.MethodInvocationHelper.invokeMethodConsideringTimeout(MethodInvocationHelper.java:62)
at org.testng.internal.ConfigInvoker.invokeConfigurationMethod(ConfigInvoker.java:385)
at org.testng.internal.ConfigInvoker.invokeConfigurations(ConfigInvoker.java:321)
at org.testng.SuiteRunner.privateRun(SuiteRunner.java:317)
at org.testng.SuiteRunner.run(SuiteRunner.java:276)
at org.testng.SuiteRunnerWorker.runSuite(SuiteRunnerWorker.java:53)
at org.testng.SuiteRunnerWorker.run(SuiteRunnerWorker.java:96)
at org.testng.TestNG.runSuitesSequentially(TestNG.java:1212)
at org.testng.TestNG.runSuitesLocally(TestNG.java:1134)
at org.testng.TestNG.runSuites(TestNG.java:1063)
at org.testng.TestNG.run(TestNG.java:1031)
at org.testng.remote.AbstractRemoteTestNG.run(AbstractRemoteTestNG.java:115)
at org.testng.remote.RemoteTestNG.initAndRun(RemoteTestNG.java:251)
at org.testng.remote.RemoteTestNG.main(RemoteTestNG.java:77)
]]>
    </error>
  </testcase> <!-- driverSetup -->
  <system-out/>
</testsuite> <!-- Base.Base -->
