<?xml version="1.0" encoding="UTF-8"?>
<testng-results ignored="0" total="6" passed="6" failed="0" skipped="0">
  <reporter-output>
  </reporter-output>
  <suite started-at="2021-09-29T09:44:50 IST" name="Identify New Bikes" finished-at="2021-09-29T09:45:32 IST" duration-ms="41786">
    <groups>
    </groups>
    <test started-at="2021-09-29T09:44:50 IST" name="FunctionalTesting" finished-at="2021-09-29T09:45:32 IST" duration-ms="41786">
      <class name="TestSuite.Tests">
        <test-method signature="basic()[pri:0, instance:TestSuite.Tests@461ad730]" started-at="2021-09-29T09:44:51 IST" name="basic" finished-at="2021-09-29T09:44:55 IST" duration-ms="4936" status="PASS">
          <reporter-output>
          </reporter-output>
        </test-method> <!-- basic -->
        <test-method signature="testing()[pri:1, instance:TestSuite.Tests@461ad730]" started-at="2021-09-29T09:44:55 IST" name="testing" finished-at="2021-09-29T09:45:00 IST" duration-ms="4616" status="PASS">
          <reporter-output>
          </reporter-output>
        </test-method> <!-- testing -->
        <test-method signature="testing1()[pri:2, instance:TestSuite.Tests@461ad730]" started-at="2021-09-29T09:45:00 IST" name="testing1" finished-at="2021-09-29T09:45:11 IST" duration-ms="10474" status="PASS">
          <reporter-output>
          </reporter-output>
        </test-method> <!-- testing1 -->
        <test-method signature="testingCars()[pri:3, instance:TestSuite.Tests@461ad730]" started-at="2021-09-29T09:45:11 IST" name="testingCars" finished-at="2021-09-29T09:45:17 IST" duration-ms="6148" status="PASS">
          <reporter-output>
          </reporter-output>
        </test-method> <!-- testingCars -->
        <test-method signature="testingLogin()[pri:4, instance:TestSuite.Tests@461ad730]" started-at="2021-09-29T09:45:17 IST" name="testingLogin" finished-at="2021-09-29T09:45:30 IST" duration-ms="13652" status="PASS">
          <reporter-output>
          </reporter-output>
        </test-method> <!-- testingLogin -->
        <test-method signature="lastStep()[pri:5, instance:TestSuite.Tests@461ad730]" started-at="2021-09-29T09:45:30 IST" name="lastStep" finished-at="2021-09-29T09:45:32 IST" duration-ms="1895" status="PASS">
          <reporter-output>
          </reporter-output>
        </test-method> <!-- lastStep -->
      </class> <!-- TestSuite.Tests -->
    </test> <!-- FunctionalTesting -->
  </suite> <!-- Identify New Bikes -->
</testng-results>
